#-----------------------------------------------------------
# Vivado v2020.1 (64-bit)
# SW Build 2902540 on Wed May 27 19:54:49 MDT 2020
# IP Build 2902112 on Wed May 27 22:43:36 MDT 2020
# Start of session at: Fri Oct 23 10:12:07 2020
# Process ID: 13224
# Current directory: C:/Users/s.hoon/Google 드라이브/3학년/2학기/하드웨어/VHDL/Heartbeat_circuit
# Command line: vivado.exe -gui_launcher_event rodinguilauncherevent10040 C:\Users\s.hoon\Google 드라이브\3학년\2학기\하드웨어\VHDL\Heartbeat_circuit\Heartbeat_circuit.xpr
# Log file: C:/Users/s.hoon/Google 드라이브/3학년/2학기/하드웨어/VHDL/Heartbeat_circuit/vivado.log
# Journal file: C:/Users/s.hoon/Google 드라이브/3학년/2학기/하드웨어/VHDL/Heartbeat_circuit\vivado.jou
#-----------------------------------------------------------
start_gui
open_project {C:/Users/s.hoon/Google 드라이브/3학년/2학기/하드웨어/VHDL/Heartbeat_circuit/Heartbeat_circuit.xpr}
Scanning sources...
Finished scanning sources
INFO: [IP_Flow 19-234] Refreshing IP repositories
INFO: [IP_Flow 19-1704] No user IP repositories specified
INFO: [IP_Flow 19-2313] Loaded Vivado IP repository 'C:/Xilinx/Vivado/2020.1/data/ip'.
open_project: Time (s): cpu = 00:00:15 ; elapsed = 00:00:06 . Memory (MB): peak = 1193.820 ; gain = 0.000
update_compile_order -fileset sources_1
exit
INFO: [Common 17-206] Exiting Vivado at Fri Oct 23 10:12:40 2020...
