#-----------------------------------------------------------
# Vivado v2020.1 (64-bit)
# SW Build 2902540 on Wed May 27 19:54:49 MDT 2020
# IP Build 2902112 on Wed May 27 22:43:36 MDT 2020
# Start of session at: Sat Oct 17 15:45:53 2020
# Process ID: 35592
# Current directory: C:/Users/s.hoon/Desktop/Heartbeat_circuit
# Command line: vivado.exe -gui_launcher_event rodinguilauncherevent35164 C:\Users\s.hoon\Desktop\Heartbeat_circuit\Heartbeat_circuit.xpr
# Log file: C:/Users/s.hoon/Desktop/Heartbeat_circuit/vivado.log
# Journal file: C:/Users/s.hoon/Desktop/Heartbeat_circuit\vivado.jou
#-----------------------------------------------------------
start_gui
open_project C:/Users/s.hoon/Desktop/Heartbeat_circuit/Heartbeat_circuit.xpr
Scanning sources...
Finished scanning sources
INFO: [IP_Flow 19-234] Refreshing IP repositories
INFO: [IP_Flow 19-1704] No user IP repositories specified
INFO: [IP_Flow 19-2313] Loaded Vivado IP repository 'C:/Xilinx/Vivado/2020.1/data/ip'.
update_compile_order -fileset sources_1
reset_run synth_1
launch_runs impl_1 -to_step write_bitstream -jobs 3
[Sat Oct 17 16:48:04 2020] Launched synth_1...
Run output will be captured here: C:/Users/s.hoon/Desktop/Heartbeat_circuit/Heartbeat_circuit.runs/synth_1/runme.log
[Sat Oct 17 16:48:04 2020] Launched impl_1...
Run output will be captured here: C:/Users/s.hoon/Desktop/Heartbeat_circuit/Heartbeat_circuit.runs/impl_1/runme.log
open_hw_manager
connect_hw_server -allow_non_jtag
INFO: [Labtools 27-2285] Connecting to hw_server url TCP:localhost:3121
INFO: [Labtools 27-3415] Connecting to cs_server url TCP:localhost:3042
INFO: [Labtools 27-3414] Connected to existing cs_server.
open_hw_target
INFO: [Labtoolstcl 44-466] Opening hw_target localhost:3121/xilinx_tcf/Digilent/210376AC7124A
open_hw_target: Time (s): cpu = 00:00:04 ; elapsed = 00:00:05 . Memory (MB): peak = 2131.848 ; gain = 1119.867
current_hw_device [get_hw_devices xc7s25_0]
refresh_hw_device -update_hw_probes false [lindex [get_hw_devices xc7s25_0] 0]
INFO: [Labtools 27-1434] Device xc7s25 (JTAG device index = 0) is programmed with a design that has no supported debug core(s) in it.
set_property PROBES.FILE {} [get_hw_devices xc7s25_0]
set_property FULL_PROBES.FILE {} [get_hw_devices xc7s25_0]
set_property PROGRAM.FILE {C:/Users/s.hoon/Desktop/Heartbeat_circuit/Heartbeat_circuit.runs/impl_1/Heartbeat_circuit.bit} [get_hw_devices xc7s25_0]
program_hw_devices [get_hw_devices xc7s25_0]
INFO: [Labtools 27-3164] End of startup status: HIGH
refresh_hw_device [lindex [get_hw_devices xc7s25_0] 0]
INFO: [Labtools 27-1434] Device xc7s25 (JTAG device index = 0) is programmed with a design that has no supported debug core(s) in it.
reset_run impl_1
launch_runs impl_1 -jobs 3
[Sat Oct 17 16:56:26 2020] Launched impl_1...
Run output will be captured here: C:/Users/s.hoon/Desktop/Heartbeat_circuit/Heartbeat_circuit.runs/impl_1/runme.log
reset_run synth_1
launch_runs impl_1 -to_step write_bitstream -jobs 3
[Sat Oct 17 16:57:39 2020] Launched synth_1...
Run output will be captured here: C:/Users/s.hoon/Desktop/Heartbeat_circuit/Heartbeat_circuit.runs/synth_1/runme.log
[Sat Oct 17 16:57:39 2020] Launched impl_1...
Run output will be captured here: C:/Users/s.hoon/Desktop/Heartbeat_circuit/Heartbeat_circuit.runs/impl_1/runme.log
set_property PROBES.FILE {} [get_hw_devices xc7s25_0]
set_property FULL_PROBES.FILE {} [get_hw_devices xc7s25_0]
set_property PROGRAM.FILE {C:/Users/s.hoon/Desktop/Heartbeat_circuit/Heartbeat_circuit.runs/impl_1/Heartbeat_circuit.bit} [get_hw_devices xc7s25_0]
program_hw_devices [get_hw_devices xc7s25_0]
INFO: [Labtools 27-3164] End of startup status: HIGH
refresh_hw_device [lindex [get_hw_devices xc7s25_0] 0]
INFO: [Labtools 27-1434] Device xc7s25 (JTAG device index = 0) is programmed with a design that has no supported debug core(s) in it.
reset_run impl_1
launch_runs impl_1 -jobs 3
[Sat Oct 17 17:02:13 2020] Launched impl_1...
Run output will be captured here: C:/Users/s.hoon/Desktop/Heartbeat_circuit/Heartbeat_circuit.runs/impl_1/runme.log
reset_run synth_1
launch_runs impl_1 -to_step write_bitstream -jobs 3
[Sat Oct 17 17:03:19 2020] Launched synth_1...
Run output will be captured here: C:/Users/s.hoon/Desktop/Heartbeat_circuit/Heartbeat_circuit.runs/synth_1/runme.log
[Sat Oct 17 17:03:19 2020] Launched impl_1...
Run output will be captured here: C:/Users/s.hoon/Desktop/Heartbeat_circuit/Heartbeat_circuit.runs/impl_1/runme.log
set_property PROBES.FILE {} [get_hw_devices xc7s25_0]
set_property FULL_PROBES.FILE {} [get_hw_devices xc7s25_0]
set_property PROGRAM.FILE {C:/Users/s.hoon/Desktop/Heartbeat_circuit/Heartbeat_circuit.runs/impl_1/Heartbeat_circuit.bit} [get_hw_devices xc7s25_0]
program_hw_devices [get_hw_devices xc7s25_0]
INFO: [Labtools 27-3164] End of startup status: HIGH
refresh_hw_device [lindex [get_hw_devices xc7s25_0] 0]
INFO: [Labtools 27-1434] Device xc7s25 (JTAG device index = 0) is programmed with a design that has no supported debug core(s) in it.
ERROR: [Labtoolstcl 44-513] HW Target shutdown. Closing target: localhost:3121/xilinx_tcf/Digilent/210376AC7124A
open_run synth_1 -name synth_1
Design is defaulting to impl run constrset: constrs_1
Design is defaulting to synth run part: xc7s25csga225-1
INFO: [Device 21-403] Loading part xc7s25csga225-1
Netlist sorting complete. Time (s): cpu = 00:00:00 ; elapsed = 00:00:00.001 . Memory (MB): peak = 2419.047 ; gain = 0.000
INFO: [Netlist 29-17] Analyzing 6 Unisim elements for replacement
INFO: [Netlist 29-28] Unisim Transformation completed in 0 CPU seconds
INFO: [Project 1-479] Netlist was created with Vivado 2020.1
INFO: [Project 1-570] Preparing netlist for logic optimization
Parsing XDC File [C:/Users/s.hoon/Desktop/Heartbeat_circuit/Cmod-S7-25-Master.xdc]
Finished Parsing XDC File [C:/Users/s.hoon/Desktop/Heartbeat_circuit/Cmod-S7-25-Master.xdc]
INFO: [Opt 31-138] Pushed 0 inverter(s) to 0 load pin(s).
Netlist sorting complete. Time (s): cpu = 00:00:00 ; elapsed = 00:00:00 . Memory (MB): peak = 2496.480 ; gain = 0.000
INFO: [Project 1-111] Unisim Transformation Summary:
No Unisim elements were transformed.

open_run: Time (s): cpu = 00:00:13 ; elapsed = 00:00:11 . Memory (MB): peak = 2622.312 ; gain = 433.395
exit
INFO: [Common 17-206] Exiting Vivado at Sat Oct 17 18:10:22 2020...
