#-----------------------------------------------------------
# Vivado v2020.1 (64-bit)
# SW Build 2902540 on Wed May 27 19:54:49 MDT 2020
# IP Build 2902112 on Wed May 27 22:43:36 MDT 2020
# Start of session at: Thu Oct 22 22:30:21 2020
# Process ID: 8960
# Current directory: C:/Users/s.hoon/Google 드라이브/3학년/2학기/하드웨어/VHDL/Heartbeat_circuit
# Command line: vivado.exe -gui_launcher_event rodinguilauncherevent14280 C:\Users\s.hoon\Google 드라이브\3학년\2학기\하드웨어\VHDL\Heartbeat_circuit\Heartbeat_circuit.xpr
# Log file: C:/Users/s.hoon/Google 드라이브/3학년/2학기/하드웨어/VHDL/Heartbeat_circuit/vivado.log
# Journal file: C:/Users/s.hoon/Google 드라이브/3학년/2학기/하드웨어/VHDL/Heartbeat_circuit\vivado.jou
#-----------------------------------------------------------
start_gui
open_project {C:/Users/s.hoon/Google 드라이브/3학년/2학기/하드웨어/VHDL/Heartbeat_circuit/Heartbeat_circuit.xpr}
INFO: [Project 1-313] Project file moved from 'C:/Users/s.hoon/Desktop/Heartbeat_circuit' since last save.
Scanning sources...
Finished scanning sources
INFO: [IP_Flow 19-234] Refreshing IP repositories
INFO: [IP_Flow 19-1704] No user IP repositories specified
INFO: [IP_Flow 19-2313] Loaded Vivado IP repository 'C:/Xilinx/Vivado/2020.1/data/ip'.
open_project: Time (s): cpu = 00:00:16 ; elapsed = 00:00:08 . Memory (MB): peak = 1011.641 ; gain = 0.000
update_compile_order -fileset sources_1
reset_run impl_1
launch_runs impl_1 -jobs 4
[Thu Oct 22 22:31:20 2020] Launched impl_1...
Run output will be captured here: C:/Users/s.hoon/Google 드라이브/3학년/2학기/하드웨어/VHDL/Heartbeat_circuit/Heartbeat_circuit.runs/impl_1/runme.log
launch_runs impl_1 -to_step write_bitstream -jobs 4
[Thu Oct 22 22:32:35 2020] Launched impl_1...
Run output will be captured here: C:/Users/s.hoon/Google 드라이브/3학년/2학기/하드웨어/VHDL/Heartbeat_circuit/Heartbeat_circuit.runs/impl_1/runme.log
reset_run synth_1
launch_runs synth_1 -jobs 4
[Thu Oct 22 22:33:47 2020] Launched synth_1...
Run output will be captured here: C:/Users/s.hoon/Google 드라이브/3학년/2학기/하드웨어/VHDL/Heartbeat_circuit/Heartbeat_circuit.runs/synth_1/runme.log
reset_run synth_1
launch_runs synth_1 -jobs 4
[Thu Oct 22 22:34:41 2020] Launched synth_1...
Run output will be captured here: C:/Users/s.hoon/Google 드라이브/3학년/2학기/하드웨어/VHDL/Heartbeat_circuit/Heartbeat_circuit.runs/synth_1/runme.log
exit
INFO: [Common 17-206] Exiting Vivado at Thu Oct 22 22:35:08 2020...
