#-----------------------------------------------------------
# Vivado v2020.1 (64-bit)
# SW Build 2902540 on Wed May 27 19:54:49 MDT 2020
# IP Build 2902112 on Wed May 27 22:43:36 MDT 2020
# Start of session at: Sun Nov  1 14:11:15 2020
# Process ID: 3704
# Current directory: C:/Users/s.hoon/Google 드라이브/3학년/2학기/하드웨어/VHDL/ASCII_5x7_font
# Command line: vivado.exe -gui_launcher_event rodinguilauncherevent2776 C:\Users\s.hoon\Google 드라이브\3학년\2학기\하드웨어\VHDL\ASCII_5x7_font\ASCII_5x7_font.xpr
# Log file: C:/Users/s.hoon/Google 드라이브/3학년/2학기/하드웨어/VHDL/ASCII_5x7_font/vivado.log
# Journal file: C:/Users/s.hoon/Google 드라이브/3학년/2학기/하드웨어/VHDL/ASCII_5x7_font\vivado.jou
#-----------------------------------------------------------
start_gui
open_project {C:/Users/s.hoon/Google 드라이브/3학년/2학기/하드웨어/VHDL/ASCII_5x7_font/ASCII_5x7_font.xpr}
INFO: [Project 1-313] Project file moved from 'C:/Users/s.hoon/Desktop/ASCII_5x7_font' since last save.
Scanning sources...
Finished scanning sources
INFO: [IP_Flow 19-234] Refreshing IP repositories
INFO: [IP_Flow 19-1704] No user IP repositories specified
INFO: [IP_Flow 19-2313] Loaded Vivado IP repository 'C:/Xilinx/Vivado/2020.1/data/ip'.
update_compile_order -fileset sources_1
exit
INFO: [Common 17-206] Exiting Vivado at Sun Nov  1 14:25:10 2020...
