#-----------------------------------------------------------
# Vivado v2020.1 (64-bit)
# SW Build 2902540 on Wed May 27 19:54:49 MDT 2020
# IP Build 2902112 on Wed May 27 22:43:36 MDT 2020
# Start of session at: Wed Oct 28 12:01:01 2020
# Process ID: 18564
# Current directory: C:/Users/s.hoon/Desktop/ASCII_5x7_font
# Command line: vivado.exe -gui_launcher_event rodinguilauncherevent7336 C:\Users\s.hoon\Desktop\ASCII_5x7_font\ASCII_5x7_font.xpr
# Log file: C:/Users/s.hoon/Desktop/ASCII_5x7_font/vivado.log
# Journal file: C:/Users/s.hoon/Desktop/ASCII_5x7_font\vivado.jou
#-----------------------------------------------------------
start_gui
open_project C:/Users/s.hoon/Desktop/ASCII_5x7_font/ASCII_5x7_font.xpr
Scanning sources...
Finished scanning sources
INFO: [IP_Flow 19-234] Refreshing IP repositories
INFO: [IP_Flow 19-1704] No user IP repositories specified
INFO: [IP_Flow 19-2313] Loaded Vivado IP repository 'C:/Xilinx/Vivado/2020.1/data/ip'.
update_compile_order -fileset sources_1
launch_runs impl_1 -jobs 3
[Wed Oct 28 12:07:42 2020] Launched synth_1...
Run output will be captured here: C:/Users/s.hoon/Desktop/ASCII_5x7_font/ASCII_5x7_font.runs/synth_1/runme.log
[Wed Oct 28 12:07:42 2020] Launched impl_1...
Run output will be captured here: C:/Users/s.hoon/Desktop/ASCII_5x7_font/ASCII_5x7_font.runs/impl_1/runme.log
launch_runs impl_1 -to_step write_bitstream -jobs 3
[Wed Oct 28 12:09:33 2020] Launched impl_1...
Run output will be captured here: C:/Users/s.hoon/Desktop/ASCII_5x7_font/ASCII_5x7_font.runs/impl_1/runme.log
open_hw_manager
connect_hw_server -allow_non_jtag
INFO: [Labtools 27-2285] Connecting to hw_server url TCP:localhost:3121
INFO: [Labtools 27-2222] Launching hw_server...
INFO: [Labtools 27-2221] Launch Output:

****** Xilinx hw_server v2020.1
  **** Build date : May 27 2020 at 20:24:38
    ** Copyright 1986-2020 Xilinx, Inc. All Rights Reserved.


INFO: [Labtools 27-3415] Connecting to cs_server url TCP:localhost:3042
INFO: [Labtools 27-3417] Launching cs_server...
INFO: [Labtools 27-2221] Launch Output:


****** Xilinx cs_server v2020.1.0
  **** Build date : May 14 2020-10:10:29
    ** Copyright 2017-2020 Xilinx, Inc. All Rights Reserved.



connect_hw_server: Time (s): cpu = 00:00:00 ; elapsed = 00:00:13 . Memory (MB): peak = 1011.477 ; gain = 0.000
open_hw_target
INFO: [Labtoolstcl 44-466] Opening hw_target localhost:3121/xilinx_tcf/Digilent/210376AC7124A
open_hw_target: Time (s): cpu = 00:00:05 ; elapsed = 00:00:05 . Memory (MB): peak = 2083.680 ; gain = 1072.203
set_property PROGRAM.FILE {C:/Users/s.hoon/Desktop/ASCII_5x7_font/ASCII_5x7_font.runs/impl_1/ASCII_5x7_font.bit} [get_hw_devices xc7s25_0]
current_hw_device [get_hw_devices xc7s25_0]
refresh_hw_device -update_hw_probes false [lindex [get_hw_devices xc7s25_0] 0]
INFO: [Labtools 27-1434] Device xc7s25 (JTAG device index = 0) is programmed with a design that has no supported debug core(s) in it.
set_property PROBES.FILE {} [get_hw_devices xc7s25_0]
set_property FULL_PROBES.FILE {} [get_hw_devices xc7s25_0]
set_property PROGRAM.FILE {C:/Users/s.hoon/Desktop/ASCII_5x7_font/ASCII_5x7_font.runs/impl_1/ASCII_5x7_font.bit} [get_hw_devices xc7s25_0]
program_hw_devices [get_hw_devices xc7s25_0]
INFO: [Labtools 27-3164] End of startup status: HIGH
refresh_hw_device [lindex [get_hw_devices xc7s25_0] 0]
INFO: [Labtools 27-1434] Device xc7s25 (JTAG device index = 0) is programmed with a design that has no supported debug core(s) in it.
reset_run impl_1
launch_runs impl_1 -jobs 3
[Wed Oct 28 12:16:48 2020] Launched impl_1...
Run output will be captured here: C:/Users/s.hoon/Desktop/ASCII_5x7_font/ASCII_5x7_font.runs/impl_1/runme.log
reset_run synth_1
launch_runs impl_1 -to_step write_bitstream -jobs 3
[Wed Oct 28 12:17:58 2020] Launched synth_1...
Run output will be captured here: C:/Users/s.hoon/Desktop/ASCII_5x7_font/ASCII_5x7_font.runs/synth_1/runme.log
[Wed Oct 28 12:17:58 2020] Launched impl_1...
Run output will be captured here: C:/Users/s.hoon/Desktop/ASCII_5x7_font/ASCII_5x7_font.runs/impl_1/runme.log
reset_run synth_1
launch_runs impl_1 -jobs 3
[Wed Oct 28 12:20:04 2020] Launched synth_1...
Run output will be captured here: C:/Users/s.hoon/Desktop/ASCII_5x7_font/ASCII_5x7_font.runs/synth_1/runme.log
[Wed Oct 28 12:20:04 2020] Launched impl_1...
Run output will be captured here: C:/Users/s.hoon/Desktop/ASCII_5x7_font/ASCII_5x7_font.runs/impl_1/runme.log
launch_runs impl_1 -to_step write_bitstream -jobs 3
[Wed Oct 28 12:21:37 2020] Launched impl_1...
Run output will be captured here: C:/Users/s.hoon/Desktop/ASCII_5x7_font/ASCII_5x7_font.runs/impl_1/runme.log
set_property PROBES.FILE {} [get_hw_devices xc7s25_0]
set_property FULL_PROBES.FILE {} [get_hw_devices xc7s25_0]
set_property PROGRAM.FILE {C:/Users/s.hoon/Desktop/ASCII_5x7_font/ASCII_5x7_font.runs/impl_1/ASCII_5x7_font.bit} [get_hw_devices xc7s25_0]
program_hw_devices [get_hw_devices xc7s25_0]
INFO: [Labtools 27-3164] End of startup status: HIGH
refresh_hw_device [lindex [get_hw_devices xc7s25_0] 0]
INFO: [Labtools 27-1434] Device xc7s25 (JTAG device index = 0) is programmed with a design that has no supported debug core(s) in it.
reset_run impl_1
launch_runs impl_1 -jobs 3
[Wed Oct 28 12:23:10 2020] Launched impl_1...
Run output will be captured here: C:/Users/s.hoon/Desktop/ASCII_5x7_font/ASCII_5x7_font.runs/impl_1/runme.log
reset_run synth_1
launch_runs impl_1 -jobs 3
[Wed Oct 28 12:35:59 2020] Launched synth_1...
Run output will be captured here: C:/Users/s.hoon/Desktop/ASCII_5x7_font/ASCII_5x7_font.runs/synth_1/runme.log
[Wed Oct 28 12:35:59 2020] Launched impl_1...
Run output will be captured here: C:/Users/s.hoon/Desktop/ASCII_5x7_font/ASCII_5x7_font.runs/impl_1/runme.log
reset_run synth_1
launch_runs impl_1 -jobs 3
[Wed Oct 28 12:37:08 2020] Launched synth_1...
Run output will be captured here: C:/Users/s.hoon/Desktop/ASCII_5x7_font/ASCII_5x7_font.runs/synth_1/runme.log
[Wed Oct 28 12:37:08 2020] Launched impl_1...
Run output will be captured here: C:/Users/s.hoon/Desktop/ASCII_5x7_font/ASCII_5x7_font.runs/impl_1/runme.log
reset_run synth_1
launch_runs impl_1 -jobs 3
[Wed Oct 28 12:37:39 2020] Launched synth_1...
Run output will be captured here: C:/Users/s.hoon/Desktop/ASCII_5x7_font/ASCII_5x7_font.runs/synth_1/runme.log
[Wed Oct 28 12:37:39 2020] Launched impl_1...
Run output will be captured here: C:/Users/s.hoon/Desktop/ASCII_5x7_font/ASCII_5x7_font.runs/impl_1/runme.log
reset_run synth_1
launch_runs impl_1 -jobs 3
[Wed Oct 28 12:38:33 2020] Launched synth_1...
Run output will be captured here: C:/Users/s.hoon/Desktop/ASCII_5x7_font/ASCII_5x7_font.runs/synth_1/runme.log
[Wed Oct 28 12:38:33 2020] Launched impl_1...
Run output will be captured here: C:/Users/s.hoon/Desktop/ASCII_5x7_font/ASCII_5x7_font.runs/impl_1/runme.log
reset_run synth_1
launch_runs impl_1 -jobs 3
[Wed Oct 28 12:39:25 2020] Launched synth_1...
Run output will be captured here: C:/Users/s.hoon/Desktop/ASCII_5x7_font/ASCII_5x7_font.runs/synth_1/runme.log
[Wed Oct 28 12:39:25 2020] Launched impl_1...
Run output will be captured here: C:/Users/s.hoon/Desktop/ASCII_5x7_font/ASCII_5x7_font.runs/impl_1/runme.log
reset_run synth_1
launch_runs impl_1 -jobs 3
[Wed Oct 28 12:39:59 2020] Launched synth_1...
Run output will be captured here: C:/Users/s.hoon/Desktop/ASCII_5x7_font/ASCII_5x7_font.runs/synth_1/runme.log
[Wed Oct 28 12:39:59 2020] Launched impl_1...
Run output will be captured here: C:/Users/s.hoon/Desktop/ASCII_5x7_font/ASCII_5x7_font.runs/impl_1/runme.log
reset_run synth_1
launch_runs impl_1 -jobs 3
[Wed Oct 28 12:43:23 2020] Launched synth_1...
Run output will be captured here: C:/Users/s.hoon/Desktop/ASCII_5x7_font/ASCII_5x7_font.runs/synth_1/runme.log
[Wed Oct 28 12:43:23 2020] Launched impl_1...
Run output will be captured here: C:/Users/s.hoon/Desktop/ASCII_5x7_font/ASCII_5x7_font.runs/impl_1/runme.log
reset_run synth_1
launch_runs impl_1 -jobs 3
[Wed Oct 28 12:54:15 2020] Launched synth_1...
Run output will be captured here: C:/Users/s.hoon/Desktop/ASCII_5x7_font/ASCII_5x7_font.runs/synth_1/runme.log
[Wed Oct 28 12:54:15 2020] Launched impl_1...
Run output will be captured here: C:/Users/s.hoon/Desktop/ASCII_5x7_font/ASCII_5x7_font.runs/impl_1/runme.log
launch_runs impl_1 -to_step write_bitstream -jobs 3
[Wed Oct 28 12:55:50 2020] Launched impl_1...
Run output will be captured here: C:/Users/s.hoon/Desktop/ASCII_5x7_font/ASCII_5x7_font.runs/impl_1/runme.log
set_property PROBES.FILE {} [get_hw_devices xc7s25_0]
set_property FULL_PROBES.FILE {} [get_hw_devices xc7s25_0]
set_property PROGRAM.FILE {C:/Users/s.hoon/Desktop/ASCII_5x7_font/ASCII_5x7_font.runs/impl_1/ASCII_5x7_font.bit} [get_hw_devices xc7s25_0]
program_hw_devices [get_hw_devices xc7s25_0]
INFO: [Labtools 27-3164] End of startup status: HIGH
refresh_hw_device [lindex [get_hw_devices xc7s25_0] 0]
INFO: [Labtools 27-1434] Device xc7s25 (JTAG device index = 0) is programmed with a design that has no supported debug core(s) in it.
reset_run synth_1
launch_runs impl_1 -jobs 3
[Wed Oct 28 12:57:34 2020] Launched synth_1...
Run output will be captured here: C:/Users/s.hoon/Desktop/ASCII_5x7_font/ASCII_5x7_font.runs/synth_1/runme.log
[Wed Oct 28 12:57:34 2020] Launched impl_1...
Run output will be captured here: C:/Users/s.hoon/Desktop/ASCII_5x7_font/ASCII_5x7_font.runs/impl_1/runme.log
launch_runs impl_1 -to_step write_bitstream -jobs 3
[Wed Oct 28 12:59:36 2020] Launched impl_1...
Run output will be captured here: C:/Users/s.hoon/Desktop/ASCII_5x7_font/ASCII_5x7_font.runs/impl_1/runme.log
set_property PROBES.FILE {} [get_hw_devices xc7s25_0]
set_property FULL_PROBES.FILE {} [get_hw_devices xc7s25_0]
set_property PROGRAM.FILE {C:/Users/s.hoon/Desktop/ASCII_5x7_font/ASCII_5x7_font.runs/impl_1/ASCII_5x7_font.bit} [get_hw_devices xc7s25_0]
program_hw_devices [get_hw_devices xc7s25_0]
INFO: [Labtools 27-3164] End of startup status: HIGH
refresh_hw_device [lindex [get_hw_devices xc7s25_0] 0]
INFO: [Labtools 27-1434] Device xc7s25 (JTAG device index = 0) is programmed with a design that has no supported debug core(s) in it.
reset_run impl_1
launch_runs impl_1 -jobs 3
[Wed Oct 28 13:02:47 2020] Launched impl_1...
Run output will be captured here: C:/Users/s.hoon/Desktop/ASCII_5x7_font/ASCII_5x7_font.runs/impl_1/runme.log
reset_run synth_1
launch_runs impl_1 -to_step write_bitstream -jobs 3
[Wed Oct 28 13:03:49 2020] Launched synth_1...
Run output will be captured here: C:/Users/s.hoon/Desktop/ASCII_5x7_font/ASCII_5x7_font.runs/synth_1/runme.log
[Wed Oct 28 13:03:49 2020] Launched impl_1...
Run output will be captured here: C:/Users/s.hoon/Desktop/ASCII_5x7_font/ASCII_5x7_font.runs/impl_1/runme.log
reset_run synth_1
launch_runs impl_1 -jobs 3
[Wed Oct 28 13:04:38 2020] Launched synth_1...
Run output will be captured here: C:/Users/s.hoon/Desktop/ASCII_5x7_font/ASCII_5x7_font.runs/synth_1/runme.log
[Wed Oct 28 13:04:38 2020] Launched impl_1...
Run output will be captured here: C:/Users/s.hoon/Desktop/ASCII_5x7_font/ASCII_5x7_font.runs/impl_1/runme.log
launch_runs impl_1 -to_step write_bitstream -jobs 3
[Wed Oct 28 13:07:49 2020] Launched impl_1...
Run output will be captured here: C:/Users/s.hoon/Desktop/ASCII_5x7_font/ASCII_5x7_font.runs/impl_1/runme.log
set_property PROBES.FILE {} [get_hw_devices xc7s25_0]
set_property FULL_PROBES.FILE {} [get_hw_devices xc7s25_0]
set_property PROGRAM.FILE {C:/Users/s.hoon/Desktop/ASCII_5x7_font/ASCII_5x7_font.runs/impl_1/ASCII_5x7_font.bit} [get_hw_devices xc7s25_0]
program_hw_devices [get_hw_devices xc7s25_0]
INFO: [Labtools 27-3164] End of startup status: HIGH
refresh_hw_device [lindex [get_hw_devices xc7s25_0] 0]
INFO: [Labtools 27-1434] Device xc7s25 (JTAG device index = 0) is programmed with a design that has no supported debug core(s) in it.
reset_run impl_1
launch_runs impl_1 -jobs 3
[Wed Oct 28 13:12:41 2020] Launched impl_1...
Run output will be captured here: C:/Users/s.hoon/Desktop/ASCII_5x7_font/ASCII_5x7_font.runs/impl_1/runme.log
reset_run synth_1
launch_runs impl_1 -to_step write_bitstream -jobs 3
[Wed Oct 28 13:14:28 2020] Launched synth_1...
Run output will be captured here: C:/Users/s.hoon/Desktop/ASCII_5x7_font/ASCII_5x7_font.runs/synth_1/runme.log
[Wed Oct 28 13:14:28 2020] Launched impl_1...
Run output will be captured here: C:/Users/s.hoon/Desktop/ASCII_5x7_font/ASCII_5x7_font.runs/impl_1/runme.log
set_property PROBES.FILE {} [get_hw_devices xc7s25_0]
set_property FULL_PROBES.FILE {} [get_hw_devices xc7s25_0]
set_property PROGRAM.FILE {C:/Users/s.hoon/Desktop/ASCII_5x7_font/ASCII_5x7_font.runs/impl_1/ASCII_5x7_font.bit} [get_hw_devices xc7s25_0]
program_hw_devices [get_hw_devices xc7s25_0]
INFO: [Labtools 27-3164] End of startup status: HIGH
refresh_hw_device [lindex [get_hw_devices xc7s25_0] 0]
INFO: [Labtools 27-1434] Device xc7s25 (JTAG device index = 0) is programmed with a design that has no supported debug core(s) in it.
reset_run impl_1
launch_runs impl_1 -jobs 3
[Wed Oct 28 13:29:17 2020] Launched impl_1...
Run output will be captured here: C:/Users/s.hoon/Desktop/ASCII_5x7_font/ASCII_5x7_font.runs/impl_1/runme.log
reset_run synth_1
launch_runs impl_1 -to_step write_bitstream -jobs 3
[Wed Oct 28 13:31:40 2020] Launched synth_1...
Run output will be captured here: C:/Users/s.hoon/Desktop/ASCII_5x7_font/ASCII_5x7_font.runs/synth_1/runme.log
[Wed Oct 28 13:31:40 2020] Launched impl_1...
Run output will be captured here: C:/Users/s.hoon/Desktop/ASCII_5x7_font/ASCII_5x7_font.runs/impl_1/runme.log
set_property PROBES.FILE {} [get_hw_devices xc7s25_0]
set_property FULL_PROBES.FILE {} [get_hw_devices xc7s25_0]
set_property PROGRAM.FILE {C:/Users/s.hoon/Desktop/ASCII_5x7_font/ASCII_5x7_font.runs/impl_1/ASCII_5x7_font.bit} [get_hw_devices xc7s25_0]
program_hw_devices [get_hw_devices xc7s25_0]
INFO: [Labtools 27-3164] End of startup status: HIGH
refresh_hw_device [lindex [get_hw_devices xc7s25_0] 0]
INFO: [Labtools 27-1434] Device xc7s25 (JTAG device index = 0) is programmed with a design that has no supported debug core(s) in it.
reset_run impl_1
launch_runs impl_1 -jobs 3
[Wed Oct 28 13:40:21 2020] Launched impl_1...
Run output will be captured here: C:/Users/s.hoon/Desktop/ASCII_5x7_font/ASCII_5x7_font.runs/impl_1/runme.log
ERROR: [Labtoolstcl 44-513] HW Target shutdown. Closing target: localhost:3121/xilinx_tcf/Digilent/210376AC7124A
INFO: [Labtoolstcl 44-466] Opening hw_target localhost:3121/xilinx_tcf/Digilent/210376AC7124A
INFO: [Labtools 27-1434] Device xc7s25 (JTAG device index = 0) is programmed with a design that has no supported debug core(s) in it.
WARNING: [Labtoolstcl 44-129] No matching hw_ila_data was found.
reset_run synth_1
launch_runs impl_1 -jobs 3
[Wed Oct 28 15:29:59 2020] Launched synth_1...
Run output will be captured here: C:/Users/s.hoon/Desktop/ASCII_5x7_font/ASCII_5x7_font.runs/synth_1/runme.log
[Wed Oct 28 15:29:59 2020] Launched impl_1...
Run output will be captured here: C:/Users/s.hoon/Desktop/ASCII_5x7_font/ASCII_5x7_font.runs/impl_1/runme.log
launch_runs impl_1 -to_step write_bitstream -jobs 3
[Wed Oct 28 15:32:26 2020] Launched impl_1...
Run output will be captured here: C:/Users/s.hoon/Desktop/ASCII_5x7_font/ASCII_5x7_font.runs/impl_1/runme.log
set_property PROBES.FILE {} [get_hw_devices xc7s25_0]
set_property FULL_PROBES.FILE {} [get_hw_devices xc7s25_0]
set_property PROGRAM.FILE {C:/Users/s.hoon/Desktop/ASCII_5x7_font/ASCII_5x7_font.runs/impl_1/ASCII_5x7_font.bit} [get_hw_devices xc7s25_0]
program_hw_devices [get_hw_devices xc7s25_0]
INFO: [Labtools 27-3164] End of startup status: HIGH
refresh_hw_device [lindex [get_hw_devices xc7s25_0] 0]
INFO: [Labtools 27-1434] Device xc7s25 (JTAG device index = 0) is programmed with a design that has no supported debug core(s) in it.
reset_run impl_1
launch_runs impl_1 -jobs 3
[Wed Oct 28 15:39:59 2020] Launched impl_1...
Run output will be captured here: C:/Users/s.hoon/Desktop/ASCII_5x7_font/ASCII_5x7_font.runs/impl_1/runme.log
reset_run synth_1
launch_runs impl_1 -to_step write_bitstream -jobs 3
[Wed Oct 28 15:41:45 2020] Launched synth_1...
Run output will be captured here: C:/Users/s.hoon/Desktop/ASCII_5x7_font/ASCII_5x7_font.runs/synth_1/runme.log
[Wed Oct 28 15:41:45 2020] Launched impl_1...
Run output will be captured here: C:/Users/s.hoon/Desktop/ASCII_5x7_font/ASCII_5x7_font.runs/impl_1/runme.log
set_property PROBES.FILE {} [get_hw_devices xc7s25_0]
set_property FULL_PROBES.FILE {} [get_hw_devices xc7s25_0]
set_property PROGRAM.FILE {C:/Users/s.hoon/Desktop/ASCII_5x7_font/ASCII_5x7_font.runs/impl_1/ASCII_5x7_font.bit} [get_hw_devices xc7s25_0]
program_hw_devices [get_hw_devices xc7s25_0]
INFO: [Labtools 27-3164] End of startup status: HIGH
refresh_hw_device [lindex [get_hw_devices xc7s25_0] 0]
INFO: [Labtools 27-1434] Device xc7s25 (JTAG device index = 0) is programmed with a design that has no supported debug core(s) in it.
reset_run impl_1
launch_runs impl_1 -jobs 3
[Wed Oct 28 15:48:34 2020] Launched impl_1...
Run output will be captured here: C:/Users/s.hoon/Desktop/ASCII_5x7_font/ASCII_5x7_font.runs/impl_1/runme.log
reset_run synth_1
launch_runs impl_1 -to_step write_bitstream -jobs 3
[Wed Oct 28 15:49:49 2020] Launched synth_1...
Run output will be captured here: C:/Users/s.hoon/Desktop/ASCII_5x7_font/ASCII_5x7_font.runs/synth_1/runme.log
[Wed Oct 28 15:49:49 2020] Launched impl_1...
Run output will be captured here: C:/Users/s.hoon/Desktop/ASCII_5x7_font/ASCII_5x7_font.runs/impl_1/runme.log
reset_run synth_1
launch_runs impl_1 -jobs 3
[Wed Oct 28 15:51:38 2020] Launched synth_1...
Run output will be captured here: C:/Users/s.hoon/Desktop/ASCII_5x7_font/ASCII_5x7_font.runs/synth_1/runme.log
[Wed Oct 28 15:51:38 2020] Launched impl_1...
Run output will be captured here: C:/Users/s.hoon/Desktop/ASCII_5x7_font/ASCII_5x7_font.runs/impl_1/runme.log
launch_runs impl_1 -to_step write_bitstream -jobs 3
[Wed Oct 28 15:53:23 2020] Launched impl_1...
Run output will be captured here: C:/Users/s.hoon/Desktop/ASCII_5x7_font/ASCII_5x7_font.runs/impl_1/runme.log
set_property PROBES.FILE {} [get_hw_devices xc7s25_0]
set_property FULL_PROBES.FILE {} [get_hw_devices xc7s25_0]
set_property PROGRAM.FILE {C:/Users/s.hoon/Desktop/ASCII_5x7_font/ASCII_5x7_font.runs/impl_1/ASCII_5x7_font.bit} [get_hw_devices xc7s25_0]
program_hw_devices [get_hw_devices xc7s25_0]
INFO: [Labtools 27-3164] End of startup status: HIGH
refresh_hw_device [lindex [get_hw_devices xc7s25_0] 0]
INFO: [Labtools 27-1434] Device xc7s25 (JTAG device index = 0) is programmed with a design that has no supported debug core(s) in it.
reset_run impl_1
launch_runs impl_1 -jobs 3
[Wed Oct 28 15:56:12 2020] Launched impl_1...
Run output will be captured here: C:/Users/s.hoon/Desktop/ASCII_5x7_font/ASCII_5x7_font.runs/impl_1/runme.log
reset_run synth_1
launch_runs impl_1 -to_step write_bitstream -jobs 3
[Wed Oct 28 15:57:43 2020] Launched synth_1...
Run output will be captured here: C:/Users/s.hoon/Desktop/ASCII_5x7_font/ASCII_5x7_font.runs/synth_1/runme.log
[Wed Oct 28 15:57:43 2020] Launched impl_1...
Run output will be captured here: C:/Users/s.hoon/Desktop/ASCII_5x7_font/ASCII_5x7_font.runs/impl_1/runme.log
set_property PROBES.FILE {} [get_hw_devices xc7s25_0]
set_property FULL_PROBES.FILE {} [get_hw_devices xc7s25_0]
set_property PROGRAM.FILE {C:/Users/s.hoon/Desktop/ASCII_5x7_font/ASCII_5x7_font.runs/impl_1/ASCII_5x7_font.bit} [get_hw_devices xc7s25_0]
program_hw_devices [get_hw_devices xc7s25_0]
INFO: [Labtools 27-3164] End of startup status: HIGH
refresh_hw_device [lindex [get_hw_devices xc7s25_0] 0]
INFO: [Labtools 27-1434] Device xc7s25 (JTAG device index = 0) is programmed with a design that has no supported debug core(s) in it.
reset_run impl_1
launch_runs impl_1 -jobs 3
[Wed Oct 28 16:09:35 2020] Launched impl_1...
Run output will be captured here: C:/Users/s.hoon/Desktop/ASCII_5x7_font/ASCII_5x7_font.runs/impl_1/runme.log
reset_run synth_1
launch_runs impl_1 -to_step write_bitstream -jobs 3
[Wed Oct 28 16:10:39 2020] Launched synth_1...
Run output will be captured here: C:/Users/s.hoon/Desktop/ASCII_5x7_font/ASCII_5x7_font.runs/synth_1/runme.log
[Wed Oct 28 16:10:39 2020] Launched impl_1...
Run output will be captured here: C:/Users/s.hoon/Desktop/ASCII_5x7_font/ASCII_5x7_font.runs/impl_1/runme.log
reset_run synth_1
launch_runs impl_1 -jobs 3
[Wed Oct 28 16:12:03 2020] Launched synth_1...
Run output will be captured here: C:/Users/s.hoon/Desktop/ASCII_5x7_font/ASCII_5x7_font.runs/synth_1/runme.log
[Wed Oct 28 16:12:03 2020] Launched impl_1...
Run output will be captured here: C:/Users/s.hoon/Desktop/ASCII_5x7_font/ASCII_5x7_font.runs/impl_1/runme.log
reset_run impl_1
launch_runs impl_1 -jobs 3
[Wed Oct 28 16:15:43 2020] Launched impl_1...
Run output will be captured here: C:/Users/s.hoon/Desktop/ASCII_5x7_font/ASCII_5x7_font.runs/impl_1/runme.log
reset_run synth_1
launch_runs impl_1 -jobs 3
[Wed Oct 28 16:17:18 2020] Launched synth_1...
Run output will be captured here: C:/Users/s.hoon/Desktop/ASCII_5x7_font/ASCII_5x7_font.runs/synth_1/runme.log
[Wed Oct 28 16:17:18 2020] Launched impl_1...
Run output will be captured here: C:/Users/s.hoon/Desktop/ASCII_5x7_font/ASCII_5x7_font.runs/impl_1/runme.log
launch_runs impl_1 -to_step write_bitstream -jobs 3
[Wed Oct 28 16:18:50 2020] Launched impl_1...
Run output will be captured here: C:/Users/s.hoon/Desktop/ASCII_5x7_font/ASCII_5x7_font.runs/impl_1/runme.log
set_property PROBES.FILE {} [get_hw_devices xc7s25_0]
set_property FULL_PROBES.FILE {} [get_hw_devices xc7s25_0]
set_property PROGRAM.FILE {C:/Users/s.hoon/Desktop/ASCII_5x7_font/ASCII_5x7_font.runs/impl_1/ASCII_5x7_font.bit} [get_hw_devices xc7s25_0]
program_hw_devices [get_hw_devices xc7s25_0]
INFO: [Labtools 27-3164] End of startup status: HIGH
refresh_hw_device [lindex [get_hw_devices xc7s25_0] 0]
INFO: [Labtools 27-1434] Device xc7s25 (JTAG device index = 0) is programmed with a design that has no supported debug core(s) in it.
reset_run impl_1
launch_runs impl_1 -jobs 3
[Wed Oct 28 16:21:32 2020] Launched impl_1...
Run output will be captured here: C:/Users/s.hoon/Desktop/ASCII_5x7_font/ASCII_5x7_font.runs/impl_1/runme.log
reset_run synth_1
launch_runs impl_1 -to_step write_bitstream -jobs 3
[Wed Oct 28 16:22:22 2020] Launched synth_1...
Run output will be captured here: C:/Users/s.hoon/Desktop/ASCII_5x7_font/ASCII_5x7_font.runs/synth_1/runme.log
[Wed Oct 28 16:22:22 2020] Launched impl_1...
Run output will be captured here: C:/Users/s.hoon/Desktop/ASCII_5x7_font/ASCII_5x7_font.runs/impl_1/runme.log
set_property PROBES.FILE {} [get_hw_devices xc7s25_0]
set_property FULL_PROBES.FILE {} [get_hw_devices xc7s25_0]
set_property PROGRAM.FILE {C:/Users/s.hoon/Desktop/ASCII_5x7_font/ASCII_5x7_font.runs/impl_1/ASCII_5x7_font.bit} [get_hw_devices xc7s25_0]
program_hw_devices [get_hw_devices xc7s25_0]
INFO: [Labtools 27-3164] End of startup status: HIGH
refresh_hw_device [lindex [get_hw_devices xc7s25_0] 0]
INFO: [Labtools 27-1434] Device xc7s25 (JTAG device index = 0) is programmed with a design that has no supported debug core(s) in it.
reset_run impl_1
launch_runs impl_1 -jobs 3
[Wed Oct 28 16:27:36 2020] Launched impl_1...
Run output will be captured here: C:/Users/s.hoon/Desktop/ASCII_5x7_font/ASCII_5x7_font.runs/impl_1/runme.log
reset_run synth_1
launch_runs impl_1 -to_step write_bitstream -jobs 3
[Wed Oct 28 16:28:49 2020] Launched synth_1...
Run output will be captured here: C:/Users/s.hoon/Desktop/ASCII_5x7_font/ASCII_5x7_font.runs/synth_1/runme.log
[Wed Oct 28 16:28:49 2020] Launched impl_1...
Run output will be captured here: C:/Users/s.hoon/Desktop/ASCII_5x7_font/ASCII_5x7_font.runs/impl_1/runme.log
set_property PROBES.FILE {} [get_hw_devices xc7s25_0]
set_property FULL_PROBES.FILE {} [get_hw_devices xc7s25_0]
set_property PROGRAM.FILE {C:/Users/s.hoon/Desktop/ASCII_5x7_font/ASCII_5x7_font.runs/impl_1/ASCII_5x7_font.bit} [get_hw_devices xc7s25_0]
program_hw_devices [get_hw_devices xc7s25_0]
INFO: [Labtools 27-3164] End of startup status: HIGH
refresh_hw_device [lindex [get_hw_devices xc7s25_0] 0]
INFO: [Labtools 27-1434] Device xc7s25 (JTAG device index = 0) is programmed with a design that has no supported debug core(s) in it.
ERROR: [Labtoolstcl 44-513] HW Target shutdown. Closing target: localhost:3121/xilinx_tcf/Digilent/210376AC7124A
exit
INFO: [Common 17-206] Exiting Vivado at Wed Oct 28 16:37:09 2020...
