#-----------------------------------------------------------
# Vivado v2020.1 (64-bit)
# SW Build 2902540 on Wed May 27 19:54:49 MDT 2020
# IP Build 2902112 on Wed May 27 22:43:36 MDT 2020
# Start of session at: Sat Oct 17 15:50:48 2020
# Process ID: 18552
# Current directory: C:/Users/s.hoon/Desktop/Rotating_square_circuit/Rotating_square_circuit
# Command line: vivado.exe -gui_launcher_event rodinguilauncherevent22416 C:\Users\s.hoon\Desktop\Rotating_square_circuit\Rotating_square_circuit\Rotating_square_circuit.xpr
# Log file: C:/Users/s.hoon/Desktop/Rotating_square_circuit/Rotating_square_circuit/vivado.log
# Journal file: C:/Users/s.hoon/Desktop/Rotating_square_circuit/Rotating_square_circuit\vivado.jou
#-----------------------------------------------------------
start_gui
open_project C:/Users/s.hoon/Desktop/Rotating_square_circuit/Rotating_square_circuit/Rotating_square_circuit.xpr
CRITICAL WARNING: [Project 1-19] Could not find the file 'C:/Users/s.hoon/Desktop/Rotating_square_circuit/Rotating_square_circuit/Rotating_square_circuit.srcs/sources_1/new/Rotating_squre_circuit.vhd'.
Scanning sources...
Finished scanning sources
INFO: [IP_Flow 19-234] Refreshing IP repositories
INFO: [IP_Flow 19-1704] No user IP repositories specified
INFO: [IP_Flow 19-2313] Loaded Vivado IP repository 'C:/Xilinx/Vivado/2020.1/data/ip'.
update_compile_order -fileset sources_1
export_ip_user_files -of_objects  [get_files C:/Users/s.hoon/Desktop/Rotating_square_circuit/Rotating_square_circuit/Rotating_square_circuit.srcs/sources_1/new/Rotating_squre_circuit.vhd] -no_script -reset -force -quiet
remove_files  C:/Users/s.hoon/Desktop/Rotating_square_circuit/Rotating_square_circuit/Rotating_square_circuit.srcs/sources_1/new/Rotating_squre_circuit.vhd
add_files -norecurse C:/Users/s.hoon/Desktop/Rotating_square_circuit/Rotating_square_circuit/Rotating_square_circuit.srcs/sources_1/new/Rotating_square_circuit.vhd
launch_runs impl_1 -jobs 3
[Sat Oct 17 16:08:25 2020] Launched synth_1...
Run output will be captured here: C:/Users/s.hoon/Desktop/Rotating_square_circuit/Rotating_square_circuit/Rotating_square_circuit.runs/synth_1/runme.log
[Sat Oct 17 16:08:25 2020] Launched impl_1...
Run output will be captured here: C:/Users/s.hoon/Desktop/Rotating_square_circuit/Rotating_square_circuit/Rotating_square_circuit.runs/impl_1/runme.log
launch_runs impl_1 -to_step write_bitstream -jobs 3
[Sat Oct 17 16:10:08 2020] Launched impl_1...
Run output will be captured here: C:/Users/s.hoon/Desktop/Rotating_square_circuit/Rotating_square_circuit/Rotating_square_circuit.runs/impl_1/runme.log
open_hw_manager
connect_hw_server -allow_non_jtag
INFO: [Labtools 27-2285] Connecting to hw_server url TCP:localhost:3121
INFO: [Labtools 27-2222] Launching hw_server...
INFO: [Labtools 27-2221] Launch Output:

****** Xilinx hw_server v2020.1
  **** Build date : May 27 2020 at 20:24:38
    ** Copyright 1986-2020 Xilinx, Inc. All Rights Reserved.


INFO: [Labtools 27-3415] Connecting to cs_server url TCP:localhost:3042
INFO: [Labtools 27-3417] Launching cs_server...
INFO: [Labtools 27-2221] Launch Output:


****** Xilinx cs_server v2020.1.0
  **** Build date : May 14 2020-10:10:29
    ** Copyright 2017-2020 Xilinx, Inc. All Rights Reserved.



connect_hw_server: Time (s): cpu = 00:00:00 ; elapsed = 00:00:13 . Memory (MB): peak = 1011.605 ; gain = 0.000
open_hw_target
INFO: [Labtoolstcl 44-466] Opening hw_target localhost:3121/xilinx_tcf/Digilent/210376AC7124A
set_property PROGRAM.FILE {C:/Users/s.hoon/Desktop/Rotating_square_circuit/Rotating_square_circuit/Rotating_square_circuit.runs/impl_1/Rotating_square_circuit.bit} [get_hw_devices xc7s25_0]
current_hw_device [get_hw_devices xc7s25_0]
refresh_hw_device -update_hw_probes false [lindex [get_hw_devices xc7s25_0] 0]
INFO: [Labtools 27-1434] Device xc7s25 (JTAG device index = 0) is programmed with a design that has no supported debug core(s) in it.
set_property PROBES.FILE {} [get_hw_devices xc7s25_0]
set_property FULL_PROBES.FILE {} [get_hw_devices xc7s25_0]
set_property PROGRAM.FILE {C:/Users/s.hoon/Desktop/Rotating_square_circuit/Rotating_square_circuit/Rotating_square_circuit.runs/impl_1/Rotating_square_circuit.bit} [get_hw_devices xc7s25_0]
program_hw_devices [get_hw_devices xc7s25_0]
INFO: [Labtools 27-3164] End of startup status: HIGH
refresh_hw_device [lindex [get_hw_devices xc7s25_0] 0]
INFO: [Labtools 27-1434] Device xc7s25 (JTAG device index = 0) is programmed with a design that has no supported debug core(s) in it.
reset_run synth_1
launch_runs impl_1 -jobs 3
[Sat Oct 17 16:12:02 2020] Launched synth_1...
Run output will be captured here: C:/Users/s.hoon/Desktop/Rotating_square_circuit/Rotating_square_circuit/Rotating_square_circuit.runs/synth_1/runme.log
[Sat Oct 17 16:12:02 2020] Launched impl_1...
Run output will be captured here: C:/Users/s.hoon/Desktop/Rotating_square_circuit/Rotating_square_circuit/Rotating_square_circuit.runs/impl_1/runme.log
launch_runs impl_1 -to_step write_bitstream -jobs 3
[Sat Oct 17 16:13:23 2020] Launched impl_1...
Run output will be captured here: C:/Users/s.hoon/Desktop/Rotating_square_circuit/Rotating_square_circuit/Rotating_square_circuit.runs/impl_1/runme.log
set_property PROBES.FILE {} [get_hw_devices xc7s25_0]
set_property FULL_PROBES.FILE {} [get_hw_devices xc7s25_0]
set_property PROGRAM.FILE {C:/Users/s.hoon/Desktop/Rotating_square_circuit/Rotating_square_circuit/Rotating_square_circuit.runs/impl_1/Rotating_square_circuit.bit} [get_hw_devices xc7s25_0]
program_hw_devices [get_hw_devices xc7s25_0]
INFO: [Labtools 27-3164] End of startup status: HIGH
refresh_hw_device [lindex [get_hw_devices xc7s25_0] 0]
INFO: [Labtools 27-1434] Device xc7s25 (JTAG device index = 0) is programmed with a design that has no supported debug core(s) in it.
open_run synth_1 -name synth_1
Design is defaulting to impl run constrset: constrs_1
Design is defaulting to synth run part: xc7s25csga225-1
INFO: [Device 21-403] Loading part xc7s25csga225-1
Netlist sorting complete. Time (s): cpu = 00:00:00 ; elapsed = 00:00:00 . Memory (MB): peak = 2445.070 ; gain = 0.000
INFO: [Netlist 29-17] Analyzing 7 Unisim elements for replacement
INFO: [Netlist 29-28] Unisim Transformation completed in 0 CPU seconds
INFO: [Project 1-479] Netlist was created with Vivado 2020.1
INFO: [Project 1-570] Preparing netlist for logic optimization
Parsing XDC File [C:/Users/s.hoon/Desktop/Rotating_square_circuit/Cmod-S7-25-Master.xdc]
WARNING: [Vivado 12-584] No ports matched 'X[3]'. [C:/Users/s.hoon/Desktop/Rotating_square_circuit/Cmod-S7-25-Master.xdc:56]
CRITICAL WARNING: [Common 17-55] 'set_property' expects at least one object. [C:/Users/s.hoon/Desktop/Rotating_square_circuit/Cmod-S7-25-Master.xdc:56]
Resolution: If [get_<value>] was used to populate the object, check to make sure this command returns at least one valid object.
WARNING: [Vivado 12-584] No ports matched 'X[2]'. [C:/Users/s.hoon/Desktop/Rotating_square_circuit/Cmod-S7-25-Master.xdc:57]
CRITICAL WARNING: [Common 17-55] 'set_property' expects at least one object. [C:/Users/s.hoon/Desktop/Rotating_square_circuit/Cmod-S7-25-Master.xdc:57]
Resolution: If [get_<value>] was used to populate the object, check to make sure this command returns at least one valid object.
WARNING: [Vivado 12-584] No ports matched 'X[1]'. [C:/Users/s.hoon/Desktop/Rotating_square_circuit/Cmod-S7-25-Master.xdc:58]
CRITICAL WARNING: [Common 17-55] 'set_property' expects at least one object. [C:/Users/s.hoon/Desktop/Rotating_square_circuit/Cmod-S7-25-Master.xdc:58]
Resolution: If [get_<value>] was used to populate the object, check to make sure this command returns at least one valid object.
WARNING: [Vivado 12-584] No ports matched 'X[0]'. [C:/Users/s.hoon/Desktop/Rotating_square_circuit/Cmod-S7-25-Master.xdc:59]
CRITICAL WARNING: [Common 17-55] 'set_property' expects at least one object. [C:/Users/s.hoon/Desktop/Rotating_square_circuit/Cmod-S7-25-Master.xdc:59]
Resolution: If [get_<value>] was used to populate the object, check to make sure this command returns at least one valid object.
Finished Parsing XDC File [C:/Users/s.hoon/Desktop/Rotating_square_circuit/Cmod-S7-25-Master.xdc]
INFO: [Opt 31-138] Pushed 0 inverter(s) to 0 load pin(s).
Netlist sorting complete. Time (s): cpu = 00:00:00 ; elapsed = 00:00:00 . Memory (MB): peak = 2522.277 ; gain = 0.000
INFO: [Project 1-111] Unisim Transformation Summary:
No Unisim elements were transformed.

open_run: Time (s): cpu = 00:00:13 ; elapsed = 00:00:11 . Memory (MB): peak = 2636.500 ; gain = 443.402
ERROR: [Labtoolstcl 44-513] HW Target shutdown. Closing target: localhost:3121/xilinx_tcf/Digilent/210376AC7124A
exit
INFO: [Common 17-206] Exiting Vivado at Sat Oct 17 18:10:19 2020...
