#-----------------------------------------------------------
# Vivado v2020.1 (64-bit)
# SW Build 2902540 on Wed May 27 19:54:49 MDT 2020
# IP Build 2902112 on Wed May 27 22:43:36 MDT 2020
# Start of session at: Fri Oct  9 21:00:33 2020
# Process ID: 8760
# Current directory: C:/Users/s.hoon/Google 드라이브/3학년/2학기/하드웨어/HEX2SSD/HEX2SSD
# Command line: vivado.exe -gui_launcher_event rodinguilauncherevent2724 C:\Users\s.hoon\Google 드라이브\3학년\2학기\하드웨어\HEX2SSD\HEX2SSD\HEX2SSD.xpr
# Log file: C:/Users/s.hoon/Google 드라이브/3학년/2학기/하드웨어/HEX2SSD/HEX2SSD/vivado.log
# Journal file: C:/Users/s.hoon/Google 드라이브/3학년/2학기/하드웨어/HEX2SSD/HEX2SSD\vivado.jou
#-----------------------------------------------------------
start_gui
open_project {C:/Users/s.hoon/Google 드라이브/3학년/2학기/하드웨어/HEX2SSD/HEX2SSD/HEX2SSD.xpr}
INFO: [Project 1-313] Project file moved from 'C:/HEX2SSD/HEX2SSD' since last save.
Scanning sources...
Finished scanning sources
INFO: [IP_Flow 19-234] Refreshing IP repositories
INFO: [IP_Flow 19-1704] No user IP repositories specified
INFO: [IP_Flow 19-2313] Loaded Vivado IP repository 'C:/Xilinx/Vivado/2020.1/data/ip'.
update_compile_order -fileset sources_1
open_hw_manager
connect_hw_server -allow_non_jtag
INFO: [Labtools 27-2285] Connecting to hw_server url TCP:localhost:3121
INFO: [Labtools 27-2222] Launching hw_server...
INFO: [Labtools 27-2221] Launch Output:

****** Xilinx hw_server v2020.1
  **** Build date : May 27 2020 at 20:24:38
    ** Copyright 1986-2020 Xilinx, Inc. All Rights Reserved.


INFO: [Labtools 27-3415] Connecting to cs_server url TCP:localhost:3042
INFO: [Labtools 27-3417] Launching cs_server...
INFO: [Labtools 27-2221] Launch Output:


****** Xilinx cs_server v2020.1.0
  **** Build date : May 14 2020-10:10:29
    ** Copyright 2017-2020 Xilinx, Inc. All Rights Reserved.



connect_hw_server: Time (s): cpu = 00:00:01 ; elapsed = 00:00:14 . Memory (MB): peak = 1011.812 ; gain = 0.000
open_hw_target
INFO: [Labtoolstcl 44-466] Opening hw_target localhost:3121/xilinx_tcf/Digilent/210376AC7124A
open_hw_target: Time (s): cpu = 00:00:05 ; elapsed = 00:00:05 . Memory (MB): peak = 2110.695 ; gain = 1098.883
set_property PROGRAM.FILE {C:/Users/s.hoon/Google 드라이브/3학년/2학기/하드웨어/HEX2SSD/HEX2SSD/HEX2SSD.runs/impl_1/HEX2SSD.bit} [get_hw_devices xc7s25_0]
current_hw_device [get_hw_devices xc7s25_0]
refresh_hw_device -update_hw_probes false [lindex [get_hw_devices xc7s25_0] 0]
INFO: [Labtools 27-1434] Device xc7s25 (JTAG device index = 0) is programmed with a design that has no supported debug core(s) in it.
reset_run impl_1 -prev_step 
launch_runs impl_1 -to_step write_bitstream -jobs 4
[Fri Oct  9 21:01:45 2020] Launched impl_1...
Run output will be captured here: C:/Users/s.hoon/Google 드라이브/3학년/2학기/하드웨어/HEX2SSD/HEX2SSD/HEX2SSD.runs/impl_1/runme.log
set_property PROGRAM.FILE {C:/Users/s.hoon/Google /3/2/HEX2SSD/HEX2SSD/HEX2SSD.runs/impl_1/HEX2SSD.bit} [get_hw_devices xc7s25_0]
ERROR: [Labtools 27-2149] File C:/Users/s.hoon/Google /3/2/HEX2SSD/HEX2SSD/HEX2SSD.runs/impl_1/HEX2SSD.bit not found. Check file name and file permissions.
reset_run synth_1
launch_runs synth_1 -jobs 4
[Fri Oct  9 21:03:57 2020] Launched synth_1...
Run output will be captured here: C:/Users/s.hoon/Google 드라이브/3학년/2학기/하드웨어/HEX2SSD/HEX2SSD/HEX2SSD.runs/synth_1/runme.log
exit
INFO: [Common 17-206] Exiting Vivado at Fri Oct  9 21:04:31 2020...
